#   #   #   #   #   #   #   #   #   #   #   #   #   #   #   #   #   #   #   #   #   #   #   #  
#   0   299 294 293 292 291 288 287 276 274 275 260 259 256 255 228 225 226 227 #       #   #  
#   1   298 295 9   10  11  289 286 277 273 262 261 258 257 254 229 224 #   #   #   #   #   #  
#   2   297 296 8   #   12  290 285 278 272 263 250 251 252 253 230 223 222 221 #   216 #   #  
#   3   5   6   7   #   13  14  284 279 271 264 249 #   #   #   231 218 219 220 #   214 213 #  
#   4   #   #   #   #   #   15  283 280 270 265 248 243 242 #   232 217 #   #   #   215 212 #  
#   #   #   #   #   #   #   16  17  281 269 266 247 244 240 241 233 205 206 207 208 209 210 #  
#   #   #   #   #   #   #   #   18  282 268 267 246 245 239 235 234 204 #   #   #   #   211 #  
#   #   #   #   #   #   #   122 19  189 190 191 192 193 238 236 202 203 #   #   #   #   #   #  
#   161 160 148 147 146 123 121 20  188 #   #   #   194 195 237 201 #   #   #   #   #   #   #  
#   162 159 149 #   145 124 120 21  #   #   #   #   #   196 197 200 #   #   #   #   #   #   #  
#   163 158 150 155 144 125 119 22  98  #   #   #   #   #   198 #   #   #   #   #   #   #   #  
#   164 157 151 154 143 126 118 23  97  #   #   #   #   #   199 #       #   #   #   #   #   #  
#   165 156 152 153 142 127 117 24  96  #   #   #   #   #   #   #               #       #   #  
#   166 #   #   #   141 128 116 25  95  #       #   #   #   #   #   #   #       #   #   #   #  
#   167 183 #   184 140 129 115 26  94  #   #   #           #   #   #   #   #   #   100 #   #  
#   168 182 #   185 139 130 114 27  93  92  91  #   #   #   78  #   #   #   64  #   99  #   #  
#   169 181 180 137 138 131 113 28  29  30  90  89  88  79  77  #   #   #   63  62  53  52  #  
#   170 178 179 136 133 132 112 #   #   31  32  33  87  80  76  #   #   #   #   61  54  51  #  
#   171 177 #   135 134 #   111 #   #   #   #   34  86  81  75  #   #   #   65  60  55  50  #  
#   172 173 #   #   #   #   110 #   #   #   103 35  85  82  74  71  70  #   66  59  56  49  #  
#   #   174 #       #   186 109 #   106 #   102 36  84  83  73  72  69  68  67  58  57  48  #  
#   176 175 #       #   187 108 107 105 104 101 37  38  39  40  41  42  43  44  45  46  47  #  
#   #   #   #   #   #   #   #   #   #   #   #   #   #   #   #   #   #   #   #   #   #   #   #  