22  11  12  13  14  15  16  17  18  19  20  21  22  33  44  55  56  57  58  59  60  61  62  73  84  95  106 117 128 139 146 135 124 113 102 91  90  91  92  103
11  0   1   2   3   4   5   6   7   8   9   10  11  22  33  44  45  46  47  48  49  50  51  62  73  84  95  106 117 128 135 124 113 102 91  80  79  80  81  92 
12  1   2   3   4   5   6   7   8   9   10  21  22  33  44  55  56  57  48  49  50  51  52  63  74  79  90  101 112 119 130 123 120 109 98  87  78  79  80  91 
13  2   3   4   5   6   7   8   9   10  11  12  23  34  45  56  67  68  59  60  51  52  53  54  65  68  79  90  101 108 119 112 109 98  87  76  77  78  79  90 
14  3   4   5   6   7   8   9   10  11  12  13  24  35  40  51  62  67  70  63  52  53  54  55  56  57  68  79  90  97  108 101 102 93  84  75  76  77  78  89 
15  4   5   6   7   8   9   10  11  22  13  14  15  26  29  40  51  56  67  74  63  64  55  56  57  58  59  70  81  86  97  90  91  82  73  74  75  76  77  88 
16  5   6   7   8   9   10  11  12  23  24  25  16  17  18  29  40  45  56  67  74  75  66  57  58  59  60  61  72  75  86  79  80  71  72  73  74  75  76  87 
17  6   7   8   9   10  11  12  13  24  35  36  27  28  19  20  31  34  45  56  67  78  69  58  59  60  61  62  63  64  75  68  69  70  71  72  73  74  75  86 
18  7   8   9   10  11  12  13  14  25  36  47  38  39  30  21  22  23  34  45  56  67  70  59  60  61  62  63  64  65  66  67  68  69  70  71  72  73  74  85 
19  8   9   10  11  12  13  14  15  26  37  48  49  50  41  32  23  24  25  36  47  58  59  60  61  62  63  64  65  66  67  68  69  80  71  72  73  74  75  86 
20  9   10  11  12  13  14  15  16  27  38  49  60  61  52  43  34  35  36  47  48  49  60  71  72  63  64  65  66  67  68  79  80  91  82  83  74  75  76  87 
21  10  11  22  23  24  15  16  27  38  49  60  71  72  63  54  45  46  47  58  49  60  71  82  83  74  65  66  67  68  69  80  91  102 93  94  85  76  77  88 
22  11  12  13  24  35  26  27  38  49  60  71  82  83  74  65  56  57  58  69  60  71  82  93  88  77  66  67  68  69  80  91  102 113 104 99  88  77  78  89 
23  12  13  14  25  36  37  38  49  60  71  82  93  94  85  76  67  68  69  80  71  70  81  82  83  74  65  66  67  68  69  80  91  102 113 104 95  86  77  88 
24  13  14  15  16  27  38  49  60  71  82  93  104 101 90  79  78  77  80  77  68  59  70  71  72  63  64  65  66  67  68  79  90  101 104 93  84  75  76  87 
25  14  15  16  17  18  29  40  51  62  73  84  95  90  79  68  67  66  75  66  57  58  59  60  61  62  63  64  65  66  67  78  89  100 93  82  73  74  75  86 
26  15  16  17  18  19  30  41  52  63  74  85  96  89  78  67  56  55  64  55  56  57  58  59  60  61  62  63  64  65  66  67  78  89  82  71  72  73  84  95 
27  16  17  18  19  20  21  32  43  54  65  76  87  78  67  56  55  54  53  54  55  56  57  58  59  60  61  62  63  64  65  66  77  78  79  70  71  82  93  104
28  17  18  19  20  21  22  33  44  55  66  75  86  89  78  67  64  53  52  53  54  65  56  57  58  59  60  61  62  63  64  65  66  67  68  69  80  91  102 113
29  18  19  20  21  22  23  34  45  56  63  64  75  86  85  74  63  52  51  62  53  64  55  56  57  58  59  60  61  62  63  64  65  66  67  68  79  90  101 112
30  19  20  21  22  23  24  25  36  47  52  53  64  75  86  83  72  61  50  51  52  63  54  55  56  57  58  59  60  61  62  73  66  67  68  79  90  101 112 123
41  30  31  22  23  24  25  26  27  38  41  42  53  64  75  82  71  60  49  50  51  52  53  54  55  56  57  58  59  60  71  82  77  78  69  80  91  102 113 124
52  41  42  33  24  25  26  27  28  29  30  31  42  53  64  75  68  57  48  49  50  51  52  53  54  55  56  57  58  69  80  91  88  89  80  91  102 113 124 135
63  52  53  44  35  26  27  28  29  30  31  32  43  54  65  68  57  46  47  48  49  50  61  52  53  54  55  56  57  68  79  90  99  100 91  102 113 124 135 146
74  63  64  55  46  37  28  29  30  31  32  33  44  55  66  63  54  45  46  47  48  49  50  51  52  53  54  55  66  77  88  99  110 111 102 113 124 135 146 157
71  60  69  62  51  40  29  30  31  32  33  34  45  48  59  52  43  44  45  46  47  48  49  50  51  52  53  54  65  76  87  98  109 120 113 124 135 146 157 168
60  49  58  57  52  41  30  31  32  33  34  35  36  37  48  41  42  43  44  45  46  47  48  49  50  51  52  53  54  65  76  87  98  109 120 131 142 153 160 171
49  38  47  46  43  32  31  32  33  34  35  36  37  38  39  40  41  42  43  44  45  56  59  60  51  52  53  54  55  66  77  88  99  110 121 132 143 148 149 160
48  37  36  35  34  33  32  33  34  35  36  37  38  39  40  41  42  43  44  45  56  67  70  71  62  53  54  55  56  57  68  79  90  101 112 123 134 137 138 149
49  38  37  36  35  34  33  34  35  36  37  48  39  40  41  42  43  44  45  46  57  68  79  82  73  64  55  56  57  58  69  80  91  102 113 124 125 126 127 138
50  39  38  37  46  45  44  35  36  37  38  39  40  41  42  43  44  45  46  57  68  79  90  79  68  57  56  57  58  59  70  81  92  103 112 113 114 115 116 127
51  40  39  48  57  56  55  46  37  38  39  40  41  42  43  44  45  46  47  58  69  80  91  80  69  58  57  58  59  60  71  82  87  98  101 102 103 104 105 116
52  41  40  51  62  67  66  57  48  39  40  41  42  43  44  45  46  47  48  59  62  73  82  71  60  59  58  59  60  61  72  75  76  87  90  91  92  93  94  105
53  42  41  52  63  74  77  68  59  50  51  52  53  44  45  46  47  48  49  50  51  62  73  82  71  70  59  60  61  62  63  64  65  76  79  80  81  82  83  94 
54  43  42  53  64  75  86  79  70  61  62  63  64  55  46  47  48  49  50  51  52  53  64  75  82  71  60  61  62  63  64  65  66  67  68  69  70  71  72  83 
55  44  43  54  65  76  87  90  81  72  73  74  69  58  47  48  49  50  51  52  53  54  65  76  81  72  61  62  63  64  65  66  67  68  69  70  71  72  73  84 
56  45  44  55  66  77  88  99  92  83  84  81  70  59  48  49  50  51  52  53  54  55  66  69  70  71  62  63  64  65  66  67  68  69  70  71  72  73  74  85 
57  46  45  56  67  78  89  100 103 94  83  72  61  50  49  50  51  52  53  54  55  56  57  58  59  60  61  62  63  64  65  66  67  68  69  70  71  72  73  84 
58  47  46  57  68  79  90  101 96  85  74  63  52  51  50  51  52  53  54  55  56  57  58  59  60  61  62  63  64  65  66  67  68  69  70  71  72  73  74  85 
69  58  57  68  79  90  101 112 107 96  85  74  63  62  61  62  63  64  65  66  67  68  69  70  71  72  73  74  75  76  77  78  79  80  81  82  83  84  85  96 