#################################################################################
# #       #   #             # #         #     #   #     #             #       # #
# # ### ### # #P######### # # # ####### # ### # # ### # ### ######### # ##### # #
# #   # #   #   #       # # # #   #     #   # # # #   #   # #   #     # #       #
# ### # # ####### ####### # # ### # ##### # # # # # ##### # # # # ##### ####### #
#   # #   # #     #     # # #     #     # # # # # #     #   # # #       #     # #
# ### ##### # # # # ### # # ########### # # # # # ##### ##### # ######### ### # #
# #   #     # # # #   #   #             # # #   #   #   #   # #     #     # # # #
# # ### ##### # ##### ##### ####### ##### # ####### # # # # # ##### # ##### # ###
# #   #       #     # #     #     # #   # #   # D     # # #   #   #   #     #   #
# ### ### ####### # # ####### ### ### # # ### ### ##### # ####### ##### ### ### #
#   #   #   #   # # #       #   #     # #   #   # #   # # #       #       # #   #
# # ### ### # # ### ####### ### ####### ####### # # # # # # ##### # ####### # ###
# #   #   # # #           #   # # #   # #       # # # # #   #   # #     #   #   #
### ##### ### ########### # ### # # # # # ### ##### # # ##### ### ####### # ### #
#   #     #   #           # #   # #v#   # #   #     # #   #               # #   #
# ### ##### ### ##### ##### # ### # ##### ##### ##### ##### ################# ###
#     #     #   #   # #   #       # #   #   #     #   #     #         #     # # #
# ##### ##### ### # ### # ####### # ### # # # ##### # # ##### ####### # ### # # #
#     # #     #   # #   #     # # #   # # #   #   # # # #   # # #   # #   #   # #
##### # ####### ### # ####### # # ### # # ##### # # # # # # # # # # # ### ##### #
# #   #         #   # #     # #   #   # # #   # #   # #   # #@#   # #     #   # #
# # ######### ### # ### ### # ##### ### # # # # ### ####### ####### ####### # # #
#   #       # #   #     # # #       #   # # # #   # #     #       # #       #   #
# ##### ### # # ######### # ######### ### # # ### # # ### ####### # # # ####### #
#     # #   # #     #     #   #         # # #     # # # #     # # #   # #     # #
##### # ### # ##### ### # ### ##### ### # # ######### # ### # # # # ### # ### # #
#   # #   # #     #   # #   #     #   # # #       #   # #   #   # # #   #   # # #
# ### ### # ######### # ######### ##### # ####### # ### # ####### # # ##### # # #
#   #     #           #     #   #       #     # #   #   #   #     # #       # # #
# # ################### ### # # ####### ##### # ####### ### # ##### ######### # #
# #           #     #   # # # #       # # #   #   #       #   #             # # #
# # ### ####### # ### ### # # ##### ### # # ### ### # ### ##### ############# ###
# # #   #       #     #   #   #   #   # #   #       #   #     #     #       #   #
# # # ### ############# # ##### # ### # # ######### ### ####### ##### ##### ### #
# # #   #     #         #       #   #   # #       #   #     #   #     #   #   # #
# # ### ##### ####### ######### ### ##### # ##### ### ##### # ### ##### # ### # #
# # #   #     #     #       #   #   #   #   #     #       #     #     # #   # # #
# # ##### ##### ### ######### ### ##### ##### ####################### # # ### # #
# #             #             #                                       # #       #
#######################################   #######################################
# #       #             #       #                   #     #           #       # #
# # ##### # ####### ##### ##### # # ### # ### ##### ###O# ### ####### # ##### # #
# #     #   #     # #     #     # # # # #   # #         #     #   #   #   # #   #
# ##### ##### ### # # ##### ##### # # # ### # ################# # # ### # # ### #
#     # # #   #   # # # #   #   # # #   #   # #   #       # # U #   #   # #   # #
# ### # # # ### ### # # # ### # # # ##### ### # # # ##### # # ########### # # # #
# #   # #   #   #   # # #   # # # #     #   #   #   #   # # #     #     # # # # #
# # ### # ### # # ### # ### # # ##### # ### ######### # # # ##### # ### # # # # #
# #   # #   # # #   # #   #   #     # # # # #         # # # #   #   # #   # # # #
##### # ### # ##### # # # ######### # # # # # ##### ##### # # # ##### ##### # # #
#     # #   #     #   # #       #   # # # # # #     #     #   #       #     #   #
# ##### ######### ##### ####### # ##### # # ### ### # ##### ### ####### #########
# #     #   #   #     # #   #   # #     # # #   #   # # #   # #     #   #   #   #
# # ##### # # # # ### # # # ##### # ### # # # ### ### # # ### ##### # ### # ### #
# # #     # # #   # # #   #   #   #   # # #   #     # #   #       #   #   #   # #
# # ##### # # ##### # ### ### # ### # ### ### ####### # ####### # ##### ##### # #
# #   #   #   #     #   # #   #   # #   # #   #   #   #     #   #   #   #   #   #
# ### # ####### ### ### ### # ### # ### # # ### # # ####### # ##### # ### # ### #
#   #   #   #   # #       # # #   #   # #     # #   # #       #       #   # #   #
# # ####### # ### ####### # ### ### ### # ##### ##### # ############### # ### ###
# # #       # #     #   #   #   #   #   #   #   #       #   # #     # # #     # #
# ### # ##### # ### ### ##### ### ### # ##### ### ######### # # ### # # ####### #
#   # #       #   #   # #   # #   # # # #     # #   #     # #   # # # #     #   #
# # # ########### # # # # # # ### # # ### ##### ### # # # # ##### # # ##### ###Q#
# # #   #         # # #   # # V #   #   # #       # # # #   #     # #     # #   #
### ### # ######### ####### # # ####### # ### # ### # # ### # # ### # # ### # # #
#   #   #   #     #     #   # # #       #   # # #   # #   #   # #   # #     # # #
# # # ##### ### # ### # # ##### # ##### ### ### # ####### ##### # ### ####### # #
# # # #       # #   # # # #     #   # # #   #   #   #   #   #   # # #     #   # #
# # # ####### # # # # ### ### ### # # # # ### ##### # # ### # ### # ##### # ### #
# # #     C # # # # #   #     #   # # # # #           #   # # #   #     #   # # #
# ######### # ### # ### ####### ### # # # ##### ######### # ### ### # ####### # #
#   #     # #     #   #     #     # #   #     # #       #   #   #   #         # #
# # # ### # ########### ### ####### ### # ### ### ##### ##### ### ######### # # #
# #     # #       #   #   # #     #   # #   #     #   #     #   #   # #     # # #
# ####### ####### # # ### # # ### ### # ### ####### ####### ### ### # # ####### #
#   # #   #       # # #   #   #   #   # # # #     #       #   # # # # #    p  # #
### # #N### ####### # # ####### ### ### # # # ### ####### ### # # # # ####### # #
#     #             #   #           #   #     #             #   #           #   #
#################################################################################